{"uid":"2b673bf1c9fefdb9","name":"ContactAddedPositiveTest","fullName":"tests.AddContactsTests.ContactAddedPositiveTest","historyId":"be24e97ae6d6c279457f1078cd87b1e6","time":{"start":1729253390534,"stop":1729253392583,"duration":2049},"description":"positive methode added contact","descriptionHtml":"<p>positive methode added contact</p>\n","status":"broken","statusMessage":"\nExpected exception of any of types [class org.openqa.selenium.NoSuchElementException, class java.lang.IndexOutOfBoundsException] but got java.lang.NullPointerException: Cannot invoke \"pages.ContactPage.getContactNumber()\" because \"this.contactPage\" is null","statusTrace":"org.testng.TestException: \nExpected exception of any of types [class org.openqa.selenium.NoSuchElementException, class java.lang.IndexOutOfBoundsException] but got java.lang.NullPointerException: Cannot invoke \"pages.ContactPage.getContactNumber()\" because \"this.contactPage\" is null\r\n\tat org.testng.internal.invokers.ExpectedExceptionsHolder.wrongException(ExpectedExceptionsHolder.java:67)\r\n\tat org.testng.internal.invokers.TestInvoker.considerExceptions(TestInvoker.java:821)\r\n\tat org.testng.internal.invokers.TestInvoker.invokeMethod(TestInvoker.java:698)\r\n\tat org.testng.internal.invokers.TestInvoker.invokeTestMethod(TestInvoker.java:219)\r\n\tat org.testng.internal.invokers.MethodRunner.runInSequence(MethodRunner.java:50)\r\n\tat org.testng.internal.invokers.TestInvoker$MethodInvocationAgent.invoke(TestInvoker.java:923)\r\n\tat org.testng.internal.invokers.TestInvoker.invokeTestMethods(TestInvoker.java:192)\r\n\tat org.testng.internal.invokers.TestMethodWorker.invokeTestMethods(TestMethodWorker.java:146)\r\n\tat org.testng.internal.invokers.TestMethodWorker.run(TestMethodWorker.java:128)\r\n\tat java.base/java.util.ArrayList.forEach(ArrayList.java:1511)\r\n\tat org.testng.TestRunner.privateRun(TestRunner.java:808)\r\n\tat org.testng.TestRunner.run(TestRunner.java:603)\r\n\tat org.testng.SuiteRunner.runTest(SuiteRunner.java:429)\r\n\tat org.testng.SuiteRunner.runSequentially(SuiteRunner.java:423)\r\n\tat org.testng.SuiteRunner.privateRun(SuiteRunner.java:383)\r\n\tat org.testng.SuiteRunner.run(SuiteRunner.java:326)\r\n\tat org.testng.SuiteRunnerWorker.runSuite(SuiteRunnerWorker.java:52)\r\n\tat org.testng.SuiteRunnerWorker.run(SuiteRunnerWorker.java:95)\r\n\tat org.testng.TestNG.runSuitesSequentially(TestNG.java:1249)\r\n\tat org.testng.TestNG.runSuitesLocally(TestNG.java:1169)\r\n\tat org.testng.TestNG.runSuites(TestNG.java:1092)\r\n\tat org.testng.TestNG.run(TestNG.java:1060)\r\n\tat com.intellij.rt.testng.IDEARemoteTestNG.run(IDEARemoteTestNG.java:65)\r\n\tat com.intellij.rt.testng.RemoteTestNGStarter.main(RemoteTestNGStarter.java:105)\r\nCaused by: java.lang.NullPointerException: Cannot invoke \"pages.ContactPage.getContactNumber()\" because \"this.contactPage\" is null\r\n\tat tests.AddContactsTests.ContactAddedPositiveTest(AddContactsTests.java:78)\r\n\tat java.base/jdk.internal.reflect.NativeMethodAccessorImpl.invoke0(Native Method)\r\n\tat java.base/jdk.internal.reflect.NativeMethodAccessorImpl.invoke(NativeMethodAccessorImpl.java:77)\r\n\tat java.base/jdk.internal.reflect.DelegatingMethodAccessorImpl.invoke(DelegatingMethodAccessorImpl.java:43)\r\n\tat java.base/java.lang.reflect.Method.invoke(Method.java:568)\r\n\tat org.testng.internal.invokers.MethodInvocationHelper.invokeMethod(MethodInvocationHelper.java:136)\r\n\tat org.testng.internal.invokers.TestInvoker.invokeMethod(TestInvoker.java:658)\r\n\t... 21 more\r\n","flaky":false,"newFailed":false,"newBroken":false,"newPassed":false,"retriesCount":0,"retriesStatusChange":false,"beforeStages":[{"name":"setUp","time":{"start":1729253379084,"stop":1729253385605,"duration":6521},"description":"","status":"passed","steps":[],"attachments":[],"parameters":[],"shouldDisplayMessage":false,"attachmentsCount":0,"attachmentStep":false,"hasContent":false,"stepsCount":0},{"name":"login","time":{"start":1729253385865,"stop":1729253390405,"duration":4540},"description":"","status":"passed","steps":[],"attachments":[],"parameters":[],"shouldDisplayMessage":false,"attachmentsCount":0,"attachmentStep":false,"hasContent":false,"stepsCount":0}],"testStage":{"description":"positive methode added contact","status":"broken","statusMessage":"\nExpected exception of any of types [class org.openqa.selenium.NoSuchElementException, class java.lang.IndexOutOfBoundsException] but got java.lang.NullPointerException: Cannot invoke \"pages.ContactPage.getContactNumber()\" because \"this.contactPage\" is null","statusTrace":"org.testng.TestException: \nExpected exception of any of types [class org.openqa.selenium.NoSuchElementException, class java.lang.IndexOutOfBoundsException] but got java.lang.NullPointerException: Cannot invoke \"pages.ContactPage.getContactNumber()\" because \"this.contactPage\" is null\r\n\tat org.testng.internal.invokers.ExpectedExceptionsHolder.wrongException(ExpectedExceptionsHolder.java:67)\r\n\tat org.testng.internal.invokers.TestInvoker.considerExceptions(TestInvoker.java:821)\r\n\tat org.testng.internal.invokers.TestInvoker.invokeMethod(TestInvoker.java:698)\r\n\tat org.testng.internal.invokers.TestInvoker.invokeTestMethod(TestInvoker.java:219)\r\n\tat org.testng.internal.invokers.MethodRunner.runInSequence(MethodRunner.java:50)\r\n\tat org.testng.internal.invokers.TestInvoker$MethodInvocationAgent.invoke(TestInvoker.java:923)\r\n\tat org.testng.internal.invokers.TestInvoker.invokeTestMethods(TestInvoker.java:192)\r\n\tat org.testng.internal.invokers.TestMethodWorker.invokeTestMethods(TestMethodWorker.java:146)\r\n\tat org.testng.internal.invokers.TestMethodWorker.run(TestMethodWorker.java:128)\r\n\tat java.base/java.util.ArrayList.forEach(ArrayList.java:1511)\r\n\tat org.testng.TestRunner.privateRun(TestRunner.java:808)\r\n\tat org.testng.TestRunner.run(TestRunner.java:603)\r\n\tat org.testng.SuiteRunner.runTest(SuiteRunner.java:429)\r\n\tat org.testng.SuiteRunner.runSequentially(SuiteRunner.java:423)\r\n\tat org.testng.SuiteRunner.privateRun(SuiteRunner.java:383)\r\n\tat org.testng.SuiteRunner.run(SuiteRunner.java:326)\r\n\tat org.testng.SuiteRunnerWorker.runSuite(SuiteRunnerWorker.java:52)\r\n\tat org.testng.SuiteRunnerWorker.run(SuiteRunnerWorker.java:95)\r\n\tat org.testng.TestNG.runSuitesSequentially(TestNG.java:1249)\r\n\tat org.testng.TestNG.runSuitesLocally(TestNG.java:1169)\r\n\tat org.testng.TestNG.runSuites(TestNG.java:1092)\r\n\tat org.testng.TestNG.run(TestNG.java:1060)\r\n\tat com.intellij.rt.testng.IDEARemoteTestNG.run(IDEARemoteTestNG.java:65)\r\n\tat com.intellij.rt.testng.RemoteTestNGStarter.main(RemoteTestNGStarter.java:105)\r\nCaused by: java.lang.NullPointerException: Cannot invoke \"pages.ContactPage.getContactNumber()\" because \"this.contactPage\" is null\r\n\tat tests.AddContactsTests.ContactAddedPositiveTest(AddContactsTests.java:78)\r\n\tat java.base/jdk.internal.reflect.NativeMethodAccessorImpl.invoke0(Native Method)\r\n\tat java.base/jdk.internal.reflect.NativeMethodAccessorImpl.invoke(NativeMethodAccessorImpl.java:77)\r\n\tat java.base/jdk.internal.reflect.DelegatingMethodAccessorImpl.invoke(DelegatingMethodAccessorImpl.java:43)\r\n\tat java.base/java.lang.reflect.Method.invoke(Method.java:568)\r\n\tat org.testng.internal.invokers.MethodInvocationHelper.invokeMethod(MethodInvocationHelper.java:136)\r\n\tat org.testng.internal.invokers.TestInvoker.invokeMethod(TestInvoker.java:658)\r\n\t... 21 more\r\n","steps":[{"name":"Contact form","time":{"start":1729253390543,"stop":1729253390544,"duration":1},"status":"passed","steps":[],"attachments":[],"parameters":[],"shouldDisplayMessage":false,"attachmentsCount":0,"attachmentStep":false,"hasContent":false,"stepsCount":0},{"name":"Save contact","time":{"start":1729253392257,"stop":1729253392257,"duration":0},"status":"passed","steps":[],"attachments":[],"parameters":[],"shouldDisplayMessage":false,"attachmentsCount":0,"attachmentStep":false,"hasContent":false,"stepsCount":0}],"attachments":[],"parameters":[],"shouldDisplayMessage":true,"attachmentsCount":0,"attachmentStep":false,"hasContent":true,"stepsCount":2},"afterStages":[{"name":"tearDown","time":{"start":1729253392607,"stop":1729253392608,"duration":1},"description":"","status":"passed","steps":[],"attachments":[],"parameters":[],"shouldDisplayMessage":false,"attachmentsCount":0,"attachmentStep":false,"hasContent":false,"stepsCount":0}],"labels":[{"name":"package","value":"tests.AddContactsTests"},{"name":"testClass","value":"tests.AddContactsTests"},{"name":"testMethod","value":"ContactAddedPositiveTest"},{"name":"parentSuite","value":"Default Suite"},{"name":"suite","value":"QA_44_PhoneBook_Roman_Sich"},{"name":"subSuite","value":"tests.AddContactsTests"},{"name":"host","value":"DESKTOP-716S01A"},{"name":"thread","value":"25436@DESKTOP-716S01A.main(1)"},{"name":"framework","value":"testng"},{"name":"language","value":"java"},{"name":"owner","value":"QA Roman"},{"name":"resultFormat","value":"allure2"}],"parameters":[],"links":[],"hidden":true,"retry":true,"extra":{"categories":[],"tags":[]},"source":"2b673bf1c9fefdb9.json","parameterValues":[]}