{"uid":"362561209e4abd8e","name":"ContactAddedPositiveTest","fullName":"tests.AddContactsTests.ContactAddedPositiveTest","historyId":"be24e97ae6d6c279457f1078cd87b1e6","time":{"start":1729505122674,"stop":1729505124956,"duration":2282},"description":"positive methode added contact","descriptionHtml":"<p>positive methode added contact</p>\n","status":"broken","statusMessage":"\nExpected exception of any of types [class org.openqa.selenium.NoSuchElementException, class java.lang.IndexOutOfBoundsException] but got java.lang.NullPointerException: Cannot invoke \"pages.ContactPage.getContactNumber()\" because \"this.contactPage\" is null","statusTrace":"org.testng.TestException: \nExpected exception of any of types [class org.openqa.selenium.NoSuchElementException, class java.lang.IndexOutOfBoundsException] but got java.lang.NullPointerException: Cannot invoke \"pages.ContactPage.getContactNumber()\" because \"this.contactPage\" is null\r\n\tat org.testng.internal.invokers.ExpectedExceptionsHolder.wrongException(ExpectedExceptionsHolder.java:67)\r\n\tat org.testng.internal.invokers.TestInvoker.considerExceptions(TestInvoker.java:821)\r\n\tat org.testng.internal.invokers.TestInvoker.invokeMethod(TestInvoker.java:698)\r\n\tat org.testng.internal.invokers.TestInvoker.invokeTestMethod(TestInvoker.java:219)\r\n\tat org.testng.internal.invokers.MethodRunner.runInSequence(MethodRunner.java:50)\r\n\tat org.testng.internal.invokers.TestInvoker$MethodInvocationAgent.invoke(TestInvoker.java:923)\r\n\tat org.testng.internal.invokers.TestInvoker.invokeTestMethods(TestInvoker.java:192)\r\n\tat org.testng.internal.invokers.TestMethodWorker.invokeTestMethods(TestMethodWorker.java:146)\r\n\tat org.testng.internal.invokers.TestMethodWorker.run(TestMethodWorker.java:128)\r\n\tat java.base/java.util.ArrayList.forEach(ArrayList.java:1511)\r\n\tat org.testng.TestRunner.privateRun(TestRunner.java:808)\r\n\tat org.testng.TestRunner.run(TestRunner.java:603)\r\n\tat org.testng.SuiteRunner.runTest(SuiteRunner.java:429)\r\n\tat org.testng.SuiteRunner.runSequentially(SuiteRunner.java:423)\r\n\tat org.testng.SuiteRunner.privateRun(SuiteRunner.java:383)\r\n\tat org.testng.SuiteRunner.run(SuiteRunner.java:326)\r\n\tat org.testng.SuiteRunnerWorker.runSuite(SuiteRunnerWorker.java:52)\r\n\tat org.testng.SuiteRunnerWorker.run(SuiteRunnerWorker.java:95)\r\n\tat org.testng.TestNG.runSuitesSequentially(TestNG.java:1249)\r\n\tat org.testng.TestNG.runSuitesLocally(TestNG.java:1169)\r\n\tat org.testng.TestNG.runSuites(TestNG.java:1092)\r\n\tat org.testng.TestNG.run(TestNG.java:1060)\r\n\tat com.intellij.rt.testng.IDEARemoteTestNG.run(IDEARemoteTestNG.java:65)\r\n\tat com.intellij.rt.testng.RemoteTestNGStarter.main(RemoteTestNGStarter.java:105)\r\nCaused by: java.lang.NullPointerException: Cannot invoke \"pages.ContactPage.getContactNumber()\" because \"this.contactPage\" is null\r\n\tat tests.AddContactsTests.ContactAddedPositiveTest(AddContactsTests.java:78)\r\n\tat java.base/jdk.internal.reflect.NativeMethodAccessorImpl.invoke0(Native Method)\r\n\tat java.base/jdk.internal.reflect.NativeMethodAccessorImpl.invoke(NativeMethodAccessorImpl.java:77)\r\n\tat java.base/jdk.internal.reflect.DelegatingMethodAccessorImpl.invoke(DelegatingMethodAccessorImpl.java:43)\r\n\tat java.base/java.lang.reflect.Method.invoke(Method.java:568)\r\n\tat org.testng.internal.invokers.MethodInvocationHelper.invokeMethod(MethodInvocationHelper.java:136)\r\n\tat org.testng.internal.invokers.TestInvoker.invokeMethod(TestInvoker.java:658)\r\n\t... 21 more\r\n","flaky":false,"newFailed":false,"newBroken":false,"newPassed":false,"retriesCount":2,"retriesStatusChange":false,"beforeStages":[{"name":"setUp","time":{"start":1729505109807,"stop":1729505118085,"duration":8278},"description":"","status":"passed","steps":[],"attachments":[],"parameters":[],"shouldDisplayMessage":false,"attachmentsCount":0,"attachmentStep":false,"hasContent":false,"stepsCount":0},{"name":"login","time":{"start":1729505118417,"stop":1729505122572,"duration":4155},"description":"","status":"passed","steps":[],"attachments":[],"parameters":[],"shouldDisplayMessage":false,"attachmentsCount":0,"attachmentStep":false,"hasContent":false,"stepsCount":0}],"testStage":{"description":"positive methode added contact","status":"broken","statusMessage":"\nExpected exception of any of types [class org.openqa.selenium.NoSuchElementException, class java.lang.IndexOutOfBoundsException] but got java.lang.NullPointerException: Cannot invoke \"pages.ContactPage.getContactNumber()\" because \"this.contactPage\" is null","statusTrace":"org.testng.TestException: \nExpected exception of any of types [class org.openqa.selenium.NoSuchElementException, class java.lang.IndexOutOfBoundsException] but got java.lang.NullPointerException: Cannot invoke \"pages.ContactPage.getContactNumber()\" because \"this.contactPage\" is null\r\n\tat org.testng.internal.invokers.ExpectedExceptionsHolder.wrongException(ExpectedExceptionsHolder.java:67)\r\n\tat org.testng.internal.invokers.TestInvoker.considerExceptions(TestInvoker.java:821)\r\n\tat org.testng.internal.invokers.TestInvoker.invokeMethod(TestInvoker.java:698)\r\n\tat org.testng.internal.invokers.TestInvoker.invokeTestMethod(TestInvoker.java:219)\r\n\tat org.testng.internal.invokers.MethodRunner.runInSequence(MethodRunner.java:50)\r\n\tat org.testng.internal.invokers.TestInvoker$MethodInvocationAgent.invoke(TestInvoker.java:923)\r\n\tat org.testng.internal.invokers.TestInvoker.invokeTestMethods(TestInvoker.java:192)\r\n\tat org.testng.internal.invokers.TestMethodWorker.invokeTestMethods(TestMethodWorker.java:146)\r\n\tat org.testng.internal.invokers.TestMethodWorker.run(TestMethodWorker.java:128)\r\n\tat java.base/java.util.ArrayList.forEach(ArrayList.java:1511)\r\n\tat org.testng.TestRunner.privateRun(TestRunner.java:808)\r\n\tat org.testng.TestRunner.run(TestRunner.java:603)\r\n\tat org.testng.SuiteRunner.runTest(SuiteRunner.java:429)\r\n\tat org.testng.SuiteRunner.runSequentially(SuiteRunner.java:423)\r\n\tat org.testng.SuiteRunner.privateRun(SuiteRunner.java:383)\r\n\tat org.testng.SuiteRunner.run(SuiteRunner.java:326)\r\n\tat org.testng.SuiteRunnerWorker.runSuite(SuiteRunnerWorker.java:52)\r\n\tat org.testng.SuiteRunnerWorker.run(SuiteRunnerWorker.java:95)\r\n\tat org.testng.TestNG.runSuitesSequentially(TestNG.java:1249)\r\n\tat org.testng.TestNG.runSuitesLocally(TestNG.java:1169)\r\n\tat org.testng.TestNG.runSuites(TestNG.java:1092)\r\n\tat org.testng.TestNG.run(TestNG.java:1060)\r\n\tat com.intellij.rt.testng.IDEARemoteTestNG.run(IDEARemoteTestNG.java:65)\r\n\tat com.intellij.rt.testng.RemoteTestNGStarter.main(RemoteTestNGStarter.java:105)\r\nCaused by: java.lang.NullPointerException: Cannot invoke \"pages.ContactPage.getContactNumber()\" because \"this.contactPage\" is null\r\n\tat tests.AddContactsTests.ContactAddedPositiveTest(AddContactsTests.java:78)\r\n\tat java.base/jdk.internal.reflect.NativeMethodAccessorImpl.invoke0(Native Method)\r\n\tat java.base/jdk.internal.reflect.NativeMethodAccessorImpl.invoke(NativeMethodAccessorImpl.java:77)\r\n\tat java.base/jdk.internal.reflect.DelegatingMethodAccessorImpl.invoke(DelegatingMethodAccessorImpl.java:43)\r\n\tat java.base/java.lang.reflect.Method.invoke(Method.java:568)\r\n\tat org.testng.internal.invokers.MethodInvocationHelper.invokeMethod(MethodInvocationHelper.java:136)\r\n\tat org.testng.internal.invokers.TestInvoker.invokeMethod(TestInvoker.java:658)\r\n\t... 21 more\r\n","steps":[{"name":"Contact form","time":{"start":1729505122680,"stop":1729505122684,"duration":4},"status":"passed","steps":[],"attachments":[],"parameters":[],"shouldDisplayMessage":false,"attachmentsCount":0,"attachmentStep":false,"hasContent":false,"stepsCount":0},{"name":"Save contact","time":{"start":1729505124692,"stop":1729505124692,"duration":0},"status":"passed","steps":[],"attachments":[],"parameters":[],"shouldDisplayMessage":false,"attachmentsCount":0,"attachmentStep":false,"hasContent":false,"stepsCount":0}],"attachments":[],"parameters":[],"shouldDisplayMessage":true,"attachmentsCount":0,"attachmentStep":false,"hasContent":true,"stepsCount":2},"afterStages":[{"name":"tearDown","time":{"start":1729505125002,"stop":1729505125002,"duration":0},"description":"","status":"passed","steps":[],"attachments":[],"parameters":[],"shouldDisplayMessage":false,"attachmentsCount":0,"attachmentStep":false,"hasContent":false,"stepsCount":0}],"labels":[{"name":"package","value":"tests.AddContactsTests"},{"name":"testClass","value":"tests.AddContactsTests"},{"name":"testMethod","value":"ContactAddedPositiveTest"},{"name":"parentSuite","value":"Default Suite"},{"name":"suite","value":"QA_44_PhoneBook_Roman_Sich"},{"name":"subSuite","value":"tests.AddContactsTests"},{"name":"host","value":"DESKTOP-716S01A"},{"name":"thread","value":"10748@DESKTOP-716S01A.main(1)"},{"name":"framework","value":"testng"},{"name":"language","value":"java"},{"name":"owner","value":"QA Roman"},{"name":"resultFormat","value":"allure2"}],"parameters":[],"links":[],"hidden":false,"retry":false,"extra":{"severity":"normal","owner":"QA Roman","retries":[{"uid":"fa7a0a2194edc7ab","status":"broken","statusDetails":"\nExpected exception of any of types [class org.openqa.selenium.NoSuchElementException, class java.lang.IndexOutOfBoundsException] but got java.lang.NullPointerException: Cannot invoke \"pages.ContactPage.getContactNumber()\" because \"this.contactPage\" is null","time":{"start":1729505027793,"stop":1729505029858,"duration":2065}},{"uid":"2b673bf1c9fefdb9","status":"broken","statusDetails":"\nExpected exception of any of types [class org.openqa.selenium.NoSuchElementException, class java.lang.IndexOutOfBoundsException] but got java.lang.NullPointerException: Cannot invoke \"pages.ContactPage.getContactNumber()\" because \"this.contactPage\" is null","time":{"start":1729253390534,"stop":1729253392583,"duration":2049}}],"categories":[{"name":"Test defects","matchedStatuses":[],"flaky":false}],"tags":[]},"source":"362561209e4abd8e.json","parameterValues":[]}