{"uid":"f9e249a3e95edb6","name":"addNewContactPositiveTest","fullName":"tests.AddContactsTests.addNewContactPositiveTest","historyId":"bfa56ce6700740dd790763267bec349f","time":{"start":1729253348939,"stop":1729253351937,"duration":2998},"description":"positive methode add contact","descriptionHtml":"<p>positive methode add contact</p>\n","status":"broken","statusMessage":"\nMethod AddContactsTests.addNewContactPositiveTest()[pri:0, instance:tests.AddContactsTests@211febf3] should have thrown an exception of any of types [class org.openqa.selenium.NoSuchElementException, class java.lang.IndexOutOfBoundsException]","statusTrace":"org.testng.TestException: \nMethod AddContactsTests.addNewContactPositiveTest()[pri:0, instance:tests.AddContactsTests@211febf3] should have thrown an exception of any of types [class org.openqa.selenium.NoSuchElementException, class java.lang.IndexOutOfBoundsException]\r\n\tat org.testng.internal.invokers.ExpectedExceptionsHolder.noException(ExpectedExceptionsHolder.java:81)\r\n\tat org.testng.internal.invokers.TestInvoker.considerExceptions(TestInvoker.java:831)\r\n\tat org.testng.internal.invokers.TestInvoker.invokeMethod(TestInvoker.java:698)\r\n\tat org.testng.internal.invokers.TestInvoker.invokeTestMethod(TestInvoker.java:219)\r\n\tat org.testng.internal.invokers.MethodRunner.runInSequence(MethodRunner.java:50)\r\n\tat org.testng.internal.invokers.TestInvoker$MethodInvocationAgent.invoke(TestInvoker.java:923)\r\n\tat org.testng.internal.invokers.TestInvoker.invokeTestMethods(TestInvoker.java:192)\r\n\tat org.testng.internal.invokers.TestMethodWorker.invokeTestMethods(TestMethodWorker.java:146)\r\n\tat org.testng.internal.invokers.TestMethodWorker.run(TestMethodWorker.java:128)\r\n\tat java.base/java.util.ArrayList.forEach(ArrayList.java:1511)\r\n\tat org.testng.TestRunner.privateRun(TestRunner.java:808)\r\n\tat org.testng.TestRunner.run(TestRunner.java:603)\r\n\tat org.testng.SuiteRunner.runTest(SuiteRunner.java:429)\r\n\tat org.testng.SuiteRunner.runSequentially(SuiteRunner.java:423)\r\n\tat org.testng.SuiteRunner.privateRun(SuiteRunner.java:383)\r\n\tat org.testng.SuiteRunner.run(SuiteRunner.java:326)\r\n\tat org.testng.SuiteRunnerWorker.runSuite(SuiteRunnerWorker.java:52)\r\n\tat org.testng.SuiteRunnerWorker.run(SuiteRunnerWorker.java:95)\r\n\tat org.testng.TestNG.runSuitesSequentially(TestNG.java:1249)\r\n\tat org.testng.TestNG.runSuitesLocally(TestNG.java:1169)\r\n\tat org.testng.TestNG.runSuites(TestNG.java:1092)\r\n\tat org.testng.TestNG.run(TestNG.java:1060)\r\n\tat com.intellij.rt.testng.IDEARemoteTestNG.run(IDEARemoteTestNG.java:65)\r\n\tat com.intellij.rt.testng.RemoteTestNGStarter.main(RemoteTestNGStarter.java:105)\r\n","flaky":false,"newFailed":false,"newBroken":false,"newPassed":false,"retriesCount":0,"retriesStatusChange":false,"beforeStages":[{"name":"setUp","time":{"start":1729253337295,"stop":1729253344100,"duration":6805},"description":"","status":"passed","steps":[],"attachments":[],"parameters":[],"shouldDisplayMessage":false,"attachmentsCount":0,"attachmentStep":false,"hasContent":false,"stepsCount":0},{"name":"login","time":{"start":1729253344454,"stop":1729253348830,"duration":4376},"description":"","status":"passed","steps":[],"attachments":[],"parameters":[],"shouldDisplayMessage":false,"attachmentsCount":0,"attachmentStep":false,"hasContent":false,"stepsCount":0}],"testStage":{"description":"positive methode add contact","status":"broken","statusMessage":"\nMethod AddContactsTests.addNewContactPositiveTest()[pri:0, instance:tests.AddContactsTests@211febf3] should have thrown an exception of any of types [class org.openqa.selenium.NoSuchElementException, class java.lang.IndexOutOfBoundsException]","statusTrace":"org.testng.TestException: \nMethod AddContactsTests.addNewContactPositiveTest()[pri:0, instance:tests.AddContactsTests@211febf3] should have thrown an exception of any of types [class org.openqa.selenium.NoSuchElementException, class java.lang.IndexOutOfBoundsException]\r\n\tat org.testng.internal.invokers.ExpectedExceptionsHolder.noException(ExpectedExceptionsHolder.java:81)\r\n\tat org.testng.internal.invokers.TestInvoker.considerExceptions(TestInvoker.java:831)\r\n\tat org.testng.internal.invokers.TestInvoker.invokeMethod(TestInvoker.java:698)\r\n\tat org.testng.internal.invokers.TestInvoker.invokeTestMethod(TestInvoker.java:219)\r\n\tat org.testng.internal.invokers.MethodRunner.runInSequence(MethodRunner.java:50)\r\n\tat org.testng.internal.invokers.TestInvoker$MethodInvocationAgent.invoke(TestInvoker.java:923)\r\n\tat org.testng.internal.invokers.TestInvoker.invokeTestMethods(TestInvoker.java:192)\r\n\tat org.testng.internal.invokers.TestMethodWorker.invokeTestMethods(TestMethodWorker.java:146)\r\n\tat org.testng.internal.invokers.TestMethodWorker.run(TestMethodWorker.java:128)\r\n\tat java.base/java.util.ArrayList.forEach(ArrayList.java:1511)\r\n\tat org.testng.TestRunner.privateRun(TestRunner.java:808)\r\n\tat org.testng.TestRunner.run(TestRunner.java:603)\r\n\tat org.testng.SuiteRunner.runTest(SuiteRunner.java:429)\r\n\tat org.testng.SuiteRunner.runSequentially(SuiteRunner.java:423)\r\n\tat org.testng.SuiteRunner.privateRun(SuiteRunner.java:383)\r\n\tat org.testng.SuiteRunner.run(SuiteRunner.java:326)\r\n\tat org.testng.SuiteRunnerWorker.runSuite(SuiteRunnerWorker.java:52)\r\n\tat org.testng.SuiteRunnerWorker.run(SuiteRunnerWorker.java:95)\r\n\tat org.testng.TestNG.runSuitesSequentially(TestNG.java:1249)\r\n\tat org.testng.TestNG.runSuitesLocally(TestNG.java:1169)\r\n\tat org.testng.TestNG.runSuites(TestNG.java:1092)\r\n\tat org.testng.TestNG.run(TestNG.java:1060)\r\n\tat com.intellij.rt.testng.IDEARemoteTestNG.run(IDEARemoteTestNG.java:65)\r\n\tat com.intellij.rt.testng.RemoteTestNGStarter.main(RemoteTestNGStarter.java:105)\r\n","steps":[{"name":"Contact form","time":{"start":1729253348948,"stop":1729253348950,"duration":2},"status":"passed","steps":[],"attachments":[],"parameters":[],"shouldDisplayMessage":false,"attachmentsCount":0,"attachmentStep":false,"hasContent":false,"stepsCount":0},{"name":"Save contact","time":{"start":1729253350906,"stop":1729253350907,"duration":1},"status":"passed","steps":[],"attachments":[],"parameters":[],"shouldDisplayMessage":false,"attachmentsCount":0,"attachmentStep":false,"hasContent":false,"stepsCount":0}],"attachments":[],"parameters":[],"shouldDisplayMessage":true,"attachmentsCount":0,"attachmentStep":false,"hasContent":true,"stepsCount":2},"afterStages":[{"name":"tearDown","time":{"start":1729253351984,"stop":1729253351984,"duration":0},"description":"","status":"passed","steps":[],"attachments":[],"parameters":[],"shouldDisplayMessage":false,"attachmentsCount":0,"attachmentStep":false,"hasContent":false,"stepsCount":0}],"labels":[{"name":"package","value":"tests.AddContactsTests"},{"name":"testClass","value":"tests.AddContactsTests"},{"name":"testMethod","value":"addNewContactPositiveTest"},{"name":"parentSuite","value":"Default Suite"},{"name":"suite","value":"QA_44_PhoneBook_Roman_Sich"},{"name":"subSuite","value":"tests.AddContactsTests"},{"name":"host","value":"DESKTOP-716S01A"},{"name":"thread","value":"24968@DESKTOP-716S01A.main(1)"},{"name":"framework","value":"testng"},{"name":"language","value":"java"},{"name":"owner","value":"QA Roman"},{"name":"resultFormat","value":"allure2"}],"parameters":[],"links":[],"hidden":true,"retry":true,"extra":{"categories":[],"tags":[]},"source":"f9e249a3e95edb6.json","parameterValues":[]}